<?xml version="1.0" encoding="UTF-8" standalone="no"?><testsuite errors="0" failures="0" name="Agregar elementos de una lista simple" skipped="0" tests="5" time="56.45" timestamp="2023-04-14 05:31:26"><testcase name="Crear un elemento de lista simple valido"/><testcase name="Crear un elemento de lista simple utilizando caracteres invalidos"/><testcase name="Crear un elemento de lista simple utilizando caracteres vacios"/><testcase name="Crear un elemento de lista simple utilizando el limite de caracteres"/><testcase name="Crear un elemento de lista simple utilizando un valor ya existente"/></testsuite>