<?xml version="1.0" encoding="UTF-8" standalone="no"?><testsuite errors="0" failures="0" name="Funcionalidades generales de la seccion localidades." skipped="0" tests="6" time="46.68" timestamp="2023-04-14 05:39:16"><testcase name="Buscar una lista por nombre"/><testcase name="Buscar una lista por alias"/><testcase name="Buscar una lista inexistente"/><testcase name="Buscar una localidad por nombre"/><testcase name="Buscar una localidad por prefijo"/><testcase name="Buscar una localidad inexistente"/></testsuite>