<?xml version="1.0" encoding="UTF-8" standalone="no"?><testsuite errors="0" failures="0" name="Funcionalidades generales de la seccion chat interno." skipped="0" tests="6" time="56.95" timestamp="2023-03-08 10:58:36"><testcase name="Buscar un grupo por medio de la barra de busqueda"/><testcase name="Buscar un grupo inexistente"/><testcase name="Desactivar chat interno"/><testcase name="Activar chat interno"/><testcase name="Organizar grupos por Nombre"/><testcase name="Organizar grupos por descripcion"/></testsuite>