<?xml version="1.0" encoding="UTF-8" standalone="no"?><testsuite errors="0" failures="0" name="Funcionalidades generales de la seccion pausas." skipped="2" tests="5" time="25.66" timestamp="2023-03-07 03:39:18"><testcase name="Buscar una pausa por DTMF"/><testcase name="Buscar una pausa por descripcion"/><testcase name="Buscar una pausa inexistente"/><testcase name="Organizar grupos por DTMF"><skipped/></testcase><testcase name="Organizar grupos por Descripcion"><skipped/></testcase></testsuite>