<?xml version="1.0" encoding="UTF-8" standalone="no"?><testsuite errors="0" failures="0" name="Editar listas" skipped="0" tests="8" time="96.52" timestamp="2023-04-14 05:37:34"><testcase name="Modificar alias y descripcion validos en una lista de tipo simple"/><testcase name="Modificar alias y descripcion utilizando el limite de caracteres en una lista de tipo simple"/><testcase name="Modificar alias y descripcion utilizando caracteres invalidos en una lista de tipo simple"/><testcase name="Modificar alias y descripcion utilizando caracteres vacios en una lista de tipo simple"/><testcase name="Modificar alias y descripcion validos en una lista de tipo rango"/><testcase name="Modificar alias y descripcion utilizando el limite de caracteres en una lista de tipo rango"/><testcase name="Modificar alias y descripcion utilizando caracteres invalidos en una lista de tipo rango"/><testcase name="Modificar alias y descripcion utilizando caracteres vacios en una lista de tipo rango"/></testsuite>