<?xml version="1.0" encoding="UTF-8" standalone="no"?><testsuite errors="0" failures="0" name="Agregar listas" skipped="0" tests="6" time="95.01" timestamp="2023-03-08 11:55:09"><testcase name="Crear una lista valida tipo simple"/><testcase name="Crear una lista de tipo simple utilizando caracteres invalidos"/><testcase name="Crear una lista de tipo simple utilizando caracteres vacios"/><testcase name="Crear una lista de tipo simple utilizando valores iguales al limite permitido"/><testcase name="Crear una lista de tipo simple utilizando un nombre ya en uso"/><testcase name="Crear una lista de tipo simple utilizando un alias ya en uso"/></testsuite>