<?xml version="1.0" encoding="UTF-8" standalone="no"?><testsuite errors="0" failures="1" name="Editar departamentos previamente creados" skipped="0" tests="4" time="41.37" timestamp="2023-03-08 11:18:17"><testcase name="Editar el grupo colocando una descripcion nueva"/><testcase name="Editar el grupo colocando una descripcion que sea igual al limite de caracteres permitidos."/><testcase name="Editar grupo dejando la misma descripción."/><testcase name="Editar grupo colocando una descripcion vacia"><failure message="&#13;&#10;Expected: an element that is visible&#13;&#10;     but: no matching element found by [El label que se muestra cuando la descripcion es requerida located with: //mat-form-field[2]/div[1]/div[2]/div[1]/mat-error[1]/span[contains(text(), 'Campo')]]" type="java.lang.AssertionError">&#13;
Expected: an element that is visible&#13;
     but: no matching element found by [El label que se muestra cuando la descripcion es requerida located with: //mat-form-field[2]/div[1]/div[2]/div[1]/mat-error[1]/span[contains(text(), 'Campo')]]</failure><system-err>&#13;
Expected: an element that is visible&#13;
     but: no matching element found by [El label que se muestra cuando la descripcion es requerida located with: //mat-form-field[2]/div[1]/div[2]/div[1]/mat-error[1]/span[contains(text(), 'Campo')]]&#13;
co.com.arbusta.certification.expand.stepdefinitions.administration.basic.departments.editDepartments_Steps.se_muestra_un_mensaje_de_error_indicando_que_no_se_puede_guardar_el_departamento(editDepartments_Steps.java:80)&#13;
✽.Se muestra un mensaje de error indicando que no se puede guardar el departamento(classpath:features/administration/basic/departments/editDepartments.feature:23)&#13;
</system-err></testcase></testsuite>