<?xml version="1.0" encoding="UTF-8" standalone="no"?><testsuite errors="0" failures="0" name="Agregar localidades" skipped="0" tests="5" time="47.48" timestamp="2023-04-14 05:39:40"><testcase name="Crear localidad valida"/><testcase name="Crear una localidad utilizando caracteres invalidos en el prefijo"/><testcase name="Crear una localidad utilizando campos vacios"/><testcase name="Crear una localidad utilizando valores iguales al limite permitido"/><testcase name="Crear una localidad utilizando un prefijo ya en uso"/></testsuite>