<?xml version="1.0" encoding="UTF-8" standalone="no"?><testsuite errors="0" failures="0" name="Agregar listas" skipped="0" tests="12" time="120.7" timestamp="2023-04-14 05:35:03"><testcase name="Crear una lista valida tipo rango"/><testcase name="Crear una lista de tipo rango utilizando caracteres invalidos"/><testcase name="Crear una lista de tipo rango utilizando caracteres vacios"/><testcase name="Crear una lista de tipo rango utilizando valores iguales al limite permitido"/><testcase name="Crear una lista de tipo rango utilizando un nombre ya en uso"/><testcase name="Crear una lista de tipo rango utilizando un alias ya en uso"/><testcase name="Crear una lista valida tipo simple"/><testcase name="Crear una lista de tipo simple utilizando caracteres invalidos"/><testcase name="Crear una lista de tipo simple utilizando caracteres vacios"/><testcase name="Crear una lista de tipo simple utilizando valores iguales al limite permitido"/><testcase name="Crear una lista de tipo simple utilizando un nombre ya en uso"/><testcase name="Crear una lista de tipo simple utilizando un alias ya en uso"/></testsuite>