<?xml version="1.0" encoding="UTF-8" standalone="no"?><testsuite errors="0" failures="0" name="Modificar registros no llames" skipped="0" tests="5" time="58.05" timestamp="2023-03-07 03:33:11"><testcase name="Modificar registro correctamente"/><testcase name="Modificar el registro dejandolo vacio"/><testcase name="Modificar registro dejando el mismo valor que ya poseía"/><testcase name="Modificar registro colocando un valor igual al limite maximo de caracteres"/><testcase name="Modificar registro colocando un valor invalido"/></testsuite>