<?xml version="1.0" encoding="UTF-8" standalone="no"?><testsuite errors="0" failures="0" name="Modificar pausas" skipped="0" tests="5" time="52.39" timestamp="2023-03-07 03:38:21"><testcase name="Modificar pausa correctamente"/><testcase name="Colocar una descripcion vacia"/><testcase name="Modificar pausa dejando el mismo valor que ya tenia"/><testcase name="Modificar pausa colocando un valor igual al limite maximo de caracteres"/><testcase name="Modificar una pausa utilizando una descripcion que ya este en uso"/></testsuite>