<?xml version="1.0" encoding="UTF-8" standalone="no"?><testsuite errors="0" failures="0" name="Agregar pausas" skipped="0" tests="6" time="55.14" timestamp="2023-04-14 05:46:46"><testcase name="Crear pausa valida"/><testcase name="Crear una pausa utilizando caracteres invalidos"/><testcase name="Crear una pausa utilizando campos vacios"/><testcase name="Crear una pausa utilizando valores iguales al limite permitido"/><testcase name="Crear una pausa utilizando un dtmf ya en uso"/><testcase name="Crear una pausa utilizando una descripcion ya en uso"/></testsuite>