<?xml version="1.0" encoding="UTF-8" standalone="no"?><testsuite errors="0" failures="0" name="Agregar registros no llames" skipped="0" tests="5" time="54.86" timestamp="2023-03-07 03:31:58"><testcase name="Crear registro valido"/><testcase name="Crear registro utilizando caracteres invalidos"/><testcase name="Crear un registro utilizando campos vacios"/><testcase name="Crear un registro utilizando valores iguales al limite permitido"/><testcase name="Crear un registro utilizando un numero ya en uso"/></testsuite>