<?xml version="1.0" encoding="UTF-8" standalone="no"?><testsuite errors="0" failures="0" name="Funcionalidades generales de la seccion" skipped="0" tests="7" time="50.41" timestamp="2023-04-14 05:29:07"><testcase name="Filtrar por etiquetas del sistema"/><testcase name="Filtrar por etiquetas que no son del sistema"/><testcase name="Filtrar por todas las etiquetas"/><testcase name="Items por pagina"/><testcase name="Cambiar de pagina"/><testcase name="Buscar un valor valido en la barra de busquedas"/><testcase name="Buscar un valor inexistente en la barra de busquedas"/></testsuite>