<?xml version="1.0" encoding="UTF-8" standalone="no"?><testsuite errors="0" failures="0" name="Funcionalidades generales de la seccion departamentos." skipped="2" tests="5" time="43.77" timestamp="2023-03-08 11:19:04"><testcase name="Buscar un departamento por nombre por medio de la barra de busqueda"/><testcase name="Buscar un departamento inexistente"/><testcase name="Buscar un departamento usando la descripcion por medio la barra de busqueda"/><testcase name="Organizar grupos por Nombre"><skipped/></testcase><testcase name="Organizar grupos por descripcion"><skipped/></testcase></testsuite>