<?xml version="1.0" encoding="UTF-8" standalone="no"?><testsuite errors="0" failures="0" name="Agregar etiquetas" skipped="0" tests="5" time="55.78" timestamp="2023-03-07 03:17:41"><testcase name="Crear etiqueta valida"/><testcase name="Crear una etiqueta utilizando caracteres invalidos"/><testcase name="Crear una etiqueta utilizando caracteres vacios"/><testcase name="Crear una etiqueta utilizando valores iguales al limite permitido"/><testcase name="Crear una etiqueta utilizando un nombre ya en uso"/></testsuite>