<?xml version="1.0" encoding="UTF-8" standalone="no"?><testsuite errors="0" failures="0" name="Modificar claves" skipped="0" tests="5" time="46.25" timestamp="2023-03-07 03:42:36"><testcase name="Modificar clave correctamente"/><testcase name="Colocar una descripcion vacia"/><testcase name="Modificar clave dejando el mismo valor que ya tenia"/><testcase name="Modificar clave colocando un valor igual al limite maximo de caracteres"/><testcase name="Modificar una clave utilizando una descripcion que ya este en uso"/></testsuite>