<?xml version="1.0" encoding="UTF-8" standalone="no"?><testsuite errors="0" failures="0" name="Agregar grupos de chat interno" skipped="0" tests="5" time="47.47" timestamp="2023-04-14 05:25:29"><testcase name="Crear grupo con datos validos"/><testcase name="Crear un grupo utilizando caracteres que no sean alfanumericos"/><testcase name="Crear un grupo que utilice el limite de caracteres permitidos"/><testcase name="Crear un grupo dejando el nombre vacio"/><testcase name="Crear un grupo utilizando valores de un grupo ya existente"/></testsuite>