<?xml version="1.0" encoding="UTF-8" standalone="no"?><testsuite errors="0" failures="0" name="Funcionalidades generales de la seccion registro no llame" skipped="3" tests="5" time="38.53" timestamp="2023-03-07 03:34:15"><testcase name="Buscar un registro por numero"/><testcase name="Buscar un registro inexistente"/><testcase name="Organizar grupos por Numero"><skipped/></testcase><testcase name="Organizar grupos por fecha de creacion"><skipped/></testcase><testcase name="Organizar grupos por fecha de actualizacion"><skipped/></testcase></testsuite>