<?xml version="1.0" encoding="UTF-8" standalone="no"?><testsuite errors="0" failures="0" name="Editar departamentos previamente creados" skipped="0" tests="4" time="31.41" timestamp="2023-04-14 05:22:37"><testcase name="Editar el grupo colocando una descripcion nueva"/><testcase name="Editar el grupo colocando una descripcion que sea igual al limite de caracteres permitidos."/><testcase name="Editar grupo dejando la misma descripción."/><testcase name="Editar grupo colocando una descripcion vacia"/></testsuite>